Build started 4/2/2012 2:53:52 PM.
     1>Project "D:\INFO\Grafica\tema3\tema2\tema2.vcxproj" on node 2 (build target(s)).
     1>InitializeBuildStatus:
         Creating "Debug\tema2.unsuccessfulbuild" because "AlwaysCreate" was specified.
       ClCompile:
         C:\Program Files\Microsoft Visual Studio 10.0\VC\bin\CL.exe /c /ZI /nologo /W3 /WX- /Od /Oy- /D WIN32 /D _DEBUG /D _CONSOLE /D _UNICODE /D UNICODE /Gm /EHsc /RTC1 /MDd /GS /fp:precise /Zc:wchar_t /Zc:forScope /Fo"Debug\\" /Fd"Debug\vc100.pdb" /Gd /TP /analyze- /errorReport:prompt "t4 RotariuStefan.cpp"
         t4 RotariuStefan.cpp
       ManifestResourceCompile:
         All outputs are up-to-date.
       Link:
         C:\Program Files\Microsoft Visual Studio 10.0\VC\bin\link.exe /ERRORREPORT:PROMPT /OUT:"D:\INFO\Grafica\tema3\Debug\tema2.exe" /INCREMENTAL /NOLOGO kernel32.lib user32.lib gdi32.lib winspool.lib comdlg32.lib advapi32.lib shell32.lib ole32.lib oleaut32.lib uuid.lib odbc32.lib odbccp32.lib /MANIFEST /ManifestFile:"Debug\tema2.exe.intermediate.manifest" /MANIFESTUAC:"level='asInvoker' uiAccess='false'" /DEBUG /PDB:"D:\INFO\Grafica\tema3\Debug\tema2.pdb" /SUBSYSTEM:CONSOLE /TLBID:1 /DYNAMICBASE /NXCOMPAT /IMPLIB:"D:\INFO\Grafica\tema3\Debug\tema2.lib" /MACHINE:X86 Debug\tema2.exe.embed.manifest.res
         "Debug\t4 RotariuStefan.obj"
       Manifest:
         C:\Program Files\Microsoft SDKs\Windows\v7.0A\bin\mt.exe /nologo /verbose /out:"Debug\tema2.exe.embed.manifest" /manifest Debug\tema2.exe.intermediate.manifest
         All outputs are up-to-date.
       LinkEmbedManifest:
         All outputs are up-to-date.
         tema2.vcxproj -> D:\INFO\Grafica\tema3\Debug\tema2.exe
       FinalizeBuildStatus:
         Deleting file "Debug\tema2.unsuccessfulbuild".
         Touching "Debug\tema2.lastbuildstate".
     1>Done Building Project "D:\INFO\Grafica\tema3\tema2\tema2.vcxproj" (build target(s)).

Build succeeded.

Time Elapsed 00:00:02.16
