Build started 3/31/2011 7:29:41 PM.
     1>Project "U:\stravos\PH\multimi\multimi\multimi.vcxproj" on node 2 (build target(s)).
     1>InitializeBuildStatus:
         Creating "Debug\multimi.unsuccessfulbuild" because "AlwaysCreate" was specified.
       ClCompile:
         All outputs are up-to-date.
         C:\Program Files\Microsoft Visual Studio 10.0\VC\bin\CL.exe /c /ZI /nologo /W3 /WX- /Od /Oy- /D WIN32 /D _DEBUG /D _CONSOLE /D _UNICODE /D UNICODE /Gm /EHsc /RTC1 /MDd /GS /fp:precise /Zc:wchar_t /Zc:forScope /Yu"StdAfx.h" /Fp"Debug\multimi.pch" /Fo"Debug\\" /Fd"Debug\vc100.pdb" /Gd /TP /analyze- /errorReport:prompt multimi.cpp
         multimi.cpp
       ManifestResourceCompile:
         All outputs are up-to-date.
       Link:
         C:\Program Files\Microsoft Visual Studio 10.0\VC\bin\link.exe /ERRORREPORT:PROMPT /OUT:"U:\stravos\PH\multimi\Debug\multimi.exe" /INCREMENTAL /NOLOGO kernel32.lib user32.lib gdi32.lib winspool.lib comdlg32.lib advapi32.lib shell32.lib ole32.lib oleaut32.lib uuid.lib odbc32.lib odbccp32.lib /MANIFEST /ManifestFile:"Debug\multimi.exe.intermediate.manifest" /MANIFESTUAC:"level='asInvoker' uiAccess='false'" /DEBUG /PDB:"U:\stravos\PH\multimi\Debug\multimi.pdb" /SUBSYSTEM:CONSOLE /TLBID:1 /DYNAMICBASE /NXCOMPAT /IMPLIB:"U:\stravos\PH\multimi\Debug\multimi.lib" /MACHINE:X86 Debug\multimi.exe.embed.manifest.res
         Debug\multimi.obj
         Debug\stdafx.obj
       Manifest:
         C:\Program Files\Microsoft SDKs\Windows\v7.0A\bin\mt.exe /nologo /verbose /out:"Debug\multimi.exe.embed.manifest" /manifest Debug\multimi.exe.intermediate.manifest
         All outputs are up-to-date.
       LinkEmbedManifest:
         C:\Program Files\Microsoft Visual Studio 10.0\VC\bin\link.exe /ERRORREPORT:PROMPT /OUT:"U:\stravos\PH\multimi\Debug\multimi.exe" /INCREMENTAL /NOLOGO kernel32.lib user32.lib gdi32.lib winspool.lib comdlg32.lib advapi32.lib shell32.lib ole32.lib oleaut32.lib uuid.lib odbc32.lib odbccp32.lib /MANIFEST /ManifestFile:"Debug\multimi.exe.intermediate.manifest" /MANIFESTUAC:"level='asInvoker' uiAccess='false'" /DEBUG /PDB:"U:\stravos\PH\multimi\Debug\multimi.pdb" /SUBSYSTEM:CONSOLE /TLBID:1 /DYNAMICBASE /NXCOMPAT /IMPLIB:"U:\stravos\PH\multimi\Debug\multimi.lib" /MACHINE:X86 Debug\multimi.exe.embed.manifest.res
         Debug\multimi.obj
         Debug\stdafx.obj
         multimi.vcxproj -> U:\stravos\PH\multimi\Debug\multimi.exe
       FinalizeBuildStatus:
         Deleting file "Debug\multimi.unsuccessfulbuild".
         Touching "Debug\multimi.lastbuildstate".
     1>Done Building Project "U:\stravos\PH\multimi\multimi\multimi.vcxproj" (build target(s)).

Build succeeded.

Time Elapsed 00:00:03.20
