C:\USERS\STRAVOS\DESKTOP\TEMA4\DEBUG\TEMA2.EXE
C:\USERS\STRAVOS\DESKTOP\TEMA4\DEBUG\TEMA2.ILK
C:\USERS\STRAVOS\DESKTOP\TEMA4\DEBUG\TEMA2.PDB
C:\USERS\STRAVOS\DESKTOP\TEMA4\TEMA2\DEBUG\T4 ROTARIUSTEFAN.OBJ
C:\USERS\STRAVOS\DESKTOP\TEMA4\TEMA2\DEBUG\TEMA2.EXE.EMBED.MANIFEST.RES
C:\USERS\STRAVOS\DESKTOP\TEMA4\TEMA2\DEBUG\TEMA2.EXE.INTERMEDIATE.MANIFEST
C:\USERS\STRAVOS\DESKTOP\TEMA4\TEMA2\DEBUG\VC100.PDB
D:\INFO\GRAFICA\TEMA2\DEBUG\TEMA2.EXE
D:\INFO\GRAFICA\TEMA2\DEBUG\TEMA2.ILK
D:\INFO\GRAFICA\TEMA2\DEBUG\TEMA2.PDB
D:\INFO\GRAFICA\TEMA2\TEMA2\DEBUG\T02P1.OBJ
D:\INFO\GRAFICA\TEMA2\TEMA2\DEBUG\TEMA2.EXE.EMBED.MANIFEST
D:\INFO\GRAFICA\TEMA2\TEMA2\DEBUG\TEMA2.EXE.EMBED.MANIFEST.RES
D:\INFO\GRAFICA\TEMA2\TEMA2\DEBUG\TEMA2.EXE.INTERMEDIATE.MANIFEST
D:\INFO\GRAFICA\TEMA2\TEMA2\DEBUG\VC100.PDB
D:\INFO\GRAFICA\TEMA3\DEBUG\TEMA2.EXE
D:\INFO\GRAFICA\TEMA3\DEBUG\TEMA2.ILK
D:\INFO\GRAFICA\TEMA3\DEBUG\TEMA2.PDB
D:\INFO\GRAFICA\TEMA3\TEMA2\DEBUG\T02P1.OBJ
D:\INFO\GRAFICA\TEMA3\TEMA2\DEBUG\T3 ROTARIUSTEFAN.OBJ
D:\INFO\GRAFICA\TEMA3\TEMA2\DEBUG\T4 ROTARIUSTEFAN.OBJ
D:\INFO\GRAFICA\TEMA3\TEMA2\DEBUG\TEMA2.EXE.EMBED.MANIFEST
D:\INFO\GRAFICA\TEMA3\TEMA2\DEBUG\TEMA2.EXE.EMBED.MANIFEST.RES
D:\INFO\GRAFICA\TEMA3\TEMA2\DEBUG\TEMA2.EXE.INTERMEDIATE.MANIFEST
D:\INFO\GRAFICA\TEMA3\TEMA2\DEBUG\VC100.PDB
U:\STRAVOS\GRAFICA\TEMA2\DEBUG\TEMA2.PDB
U:\STRAVOS\GRAFICA\TEMA2\TEMA2\DEBUG\T02P1.OBJ
U:\STRAVOS\GRAFICA\TEMA2\TEMA2\DEBUG\TEMA2.EXE.EMBED.MANIFEST
U:\STRAVOS\GRAFICA\TEMA2\TEMA2\DEBUG\TEMA2.EXE.EMBED.MANIFEST.RES
U:\STRAVOS\GRAFICA\TEMA2\TEMA2\DEBUG\VC100.PDB
U:\STRAVOS\GRAFICA\TEMA3\DEBUG\TEMA2.EXE
U:\STRAVOS\GRAFICA\TEMA3\DEBUG\TEMA2.ILK
U:\STRAVOS\GRAFICA\TEMA3\DEBUG\TEMA2.PDB
U:\STRAVOS\GRAFICA\TEMA3\TEMA2\DEBUG\T02P1.OBJ
U:\STRAVOS\GRAFICA\TEMA3\TEMA2\DEBUG\TEMA2.EXE.EMBED.MANIFEST
U:\STRAVOS\GRAFICA\TEMA3\TEMA2\DEBUG\TEMA2.EXE.EMBED.MANIFEST.RES
U:\STRAVOS\GRAFICA\TEMA3\TEMA2\DEBUG\TEMA2.EXE.INTERMEDIATE.MANIFEST
U:\STRAVOS\GRAFICA\TEMA3\TEMA2\DEBUG\VC100.PDB
U:\stravos\Grafica\tema4\Debug\tema2.pdb
U:\stravos\Grafica\tema4\tema2\Debug\cl.command.1.tlog
U:\stravos\Grafica\tema4\tema2\Debug\CL.read.1.tlog
U:\stravos\Grafica\tema4\tema2\Debug\CL.write.1.tlog
U:\stravos\Grafica\tema4\tema2\Debug\link.1100.read.1.tlog
U:\stravos\Grafica\tema4\tema2\Debug\link.1100.write.1.tlog
U:\stravos\Grafica\tema4\tema2\Debug\link.1100-cvtres.read.1.tlog
U:\stravos\Grafica\tema4\tema2\Debug\link.1100-cvtres.write.1.tlog
U:\stravos\Grafica\tema4\tema2\Debug\link.1260.read.1.tlog
U:\stravos\Grafica\tema4\tema2\Debug\link.1260.write.1.tlog
U:\stravos\Grafica\tema4\tema2\Debug\link.1260-cvtres.read.1.tlog
U:\stravos\Grafica\tema4\tema2\Debug\link.1260-cvtres.write.1.tlog
U:\stravos\Grafica\tema4\tema2\Debug\link.1420.read.1.tlog
U:\stravos\Grafica\tema4\tema2\Debug\link.1420.write.1.tlog
U:\stravos\Grafica\tema4\tema2\Debug\link.1420-cvtres.read.1.tlog
U:\stravos\Grafica\tema4\tema2\Debug\link.1420-cvtres.write.1.tlog
U:\stravos\Grafica\tema4\tema2\Debug\link.1656.read.1.tlog
U:\stravos\Grafica\tema4\tema2\Debug\link.1656.write.1.tlog
U:\stravos\Grafica\tema4\tema2\Debug\link.1656-cvtres.read.1.tlog
U:\stravos\Grafica\tema4\tema2\Debug\link.1656-cvtres.write.1.tlog
U:\stravos\Grafica\tema4\tema2\Debug\link.1700.read.1.tlog
U:\stravos\Grafica\tema4\tema2\Debug\link.1700.write.1.tlog
U:\stravos\Grafica\tema4\tema2\Debug\link.1700-cvtres.read.1.tlog
U:\stravos\Grafica\tema4\tema2\Debug\link.1700-cvtres.write.1.tlog
U:\stravos\Grafica\tema4\tema2\Debug\link.1796.read.1.tlog
U:\stravos\Grafica\tema4\tema2\Debug\link.1796.write.1.tlog
U:\stravos\Grafica\tema4\tema2\Debug\link.1796-cvtres.read.1.tlog
U:\stravos\Grafica\tema4\tema2\Debug\link.1796-cvtres.write.1.tlog
U:\stravos\Grafica\tema4\tema2\Debug\link.2272.read.1.tlog
U:\stravos\Grafica\tema4\tema2\Debug\link.2272.write.1.tlog
U:\stravos\Grafica\tema4\tema2\Debug\link.2272-cvtres.read.1.tlog
U:\stravos\Grafica\tema4\tema2\Debug\link.2272-cvtres.write.1.tlog
U:\stravos\Grafica\tema4\tema2\Debug\link.2280.read.1.tlog
U:\stravos\Grafica\tema4\tema2\Debug\link.2280.write.1.tlog
U:\stravos\Grafica\tema4\tema2\Debug\link.2280-cvtres.read.1.tlog
U:\stravos\Grafica\tema4\tema2\Debug\link.2280-cvtres.write.1.tlog
U:\stravos\Grafica\tema4\tema2\Debug\link.2756.read.1.tlog
U:\stravos\Grafica\tema4\tema2\Debug\link.2756.write.1.tlog
U:\stravos\Grafica\tema4\tema2\Debug\link.2756-cvtres.read.1.tlog
U:\stravos\Grafica\tema4\tema2\Debug\link.2756-cvtres.write.1.tlog
U:\stravos\Grafica\tema4\tema2\Debug\link.2832.read.1.tlog
U:\stravos\Grafica\tema4\tema2\Debug\link.2832.write.1.tlog
U:\stravos\Grafica\tema4\tema2\Debug\link.2832-cvtres.read.1.tlog
U:\stravos\Grafica\tema4\tema2\Debug\link.2832-cvtres.write.1.tlog
U:\stravos\Grafica\tema4\tema2\Debug\link.2936.read.1.tlog
U:\stravos\Grafica\tema4\tema2\Debug\link.2936.write.1.tlog
U:\stravos\Grafica\tema4\tema2\Debug\link.2936-cvtres.read.1.tlog
U:\stravos\Grafica\tema4\tema2\Debug\link.2936-cvtres.write.1.tlog
U:\stravos\Grafica\tema4\tema2\Debug\link.3052.read.1.tlog
U:\stravos\Grafica\tema4\tema2\Debug\link.3052.write.1.tlog
U:\stravos\Grafica\tema4\tema2\Debug\link.3052-cvtres.read.1.tlog
U:\stravos\Grafica\tema4\tema2\Debug\link.3052-cvtres.write.1.tlog
U:\stravos\Grafica\tema4\tema2\Debug\link.3120.read.1.tlog
U:\stravos\Grafica\tema4\tema2\Debug\link.3120.write.1.tlog
U:\stravos\Grafica\tema4\tema2\Debug\link.3120-cvtres.read.1.tlog
U:\stravos\Grafica\tema4\tema2\Debug\link.3120-cvtres.write.1.tlog
U:\stravos\Grafica\tema4\tema2\Debug\link.3132.read.1.tlog
U:\stravos\Grafica\tema4\tema2\Debug\link.3132.write.1.tlog
U:\stravos\Grafica\tema4\tema2\Debug\link.3132-cvtres.read.1.tlog
U:\stravos\Grafica\tema4\tema2\Debug\link.3132-cvtres.write.1.tlog
U:\stravos\Grafica\tema4\tema2\Debug\link.3148.read.1.tlog
U:\stravos\Grafica\tema4\tema2\Debug\link.3148.write.1.tlog
U:\stravos\Grafica\tema4\tema2\Debug\link.3148-cvtres.read.1.tlog
U:\stravos\Grafica\tema4\tema2\Debug\link.3148-cvtres.write.1.tlog
U:\stravos\Grafica\tema4\tema2\Debug\link.3156.read.1.tlog
U:\stravos\Grafica\tema4\tema2\Debug\link.3156.write.1.tlog
U:\stravos\Grafica\tema4\tema2\Debug\link.3156-cvtres.read.1.tlog
U:\stravos\Grafica\tema4\tema2\Debug\link.3156-cvtres.write.1.tlog
U:\stravos\Grafica\tema4\tema2\Debug\link.3212.read.1.tlog
U:\stravos\Grafica\tema4\tema2\Debug\link.3212.write.1.tlog
U:\stravos\Grafica\tema4\tema2\Debug\link.3212-cvtres.read.1.tlog
U:\stravos\Grafica\tema4\tema2\Debug\link.3212-cvtres.write.1.tlog
U:\stravos\Grafica\tema4\tema2\Debug\link.3292.read.1.tlog
U:\stravos\Grafica\tema4\tema2\Debug\link.3292.write.1.tlog
U:\stravos\Grafica\tema4\tema2\Debug\link.3292-cvtres.read.1.tlog
U:\stravos\Grafica\tema4\tema2\Debug\link.3292-cvtres.write.1.tlog
U:\stravos\Grafica\tema4\tema2\Debug\link.3300.read.1.tlog
U:\stravos\Grafica\tema4\tema2\Debug\link.3300.write.1.tlog
U:\stravos\Grafica\tema4\tema2\Debug\link.3300-cvtres.read.1.tlog
U:\stravos\Grafica\tema4\tema2\Debug\link.3300-cvtres.write.1.tlog
U:\stravos\Grafica\tema4\tema2\Debug\link.3364.read.1.tlog
U:\stravos\Grafica\tema4\tema2\Debug\link.3364.write.1.tlog
U:\stravos\Grafica\tema4\tema2\Debug\link.3364-cvtres.read.1.tlog
U:\stravos\Grafica\tema4\tema2\Debug\link.3364-cvtres.write.1.tlog
U:\stravos\Grafica\tema4\tema2\Debug\link.3720.read.1.tlog
U:\stravos\Grafica\tema4\tema2\Debug\link.3720.write.1.tlog
U:\stravos\Grafica\tema4\tema2\Debug\link.3720-cvtres.read.1.tlog
U:\stravos\Grafica\tema4\tema2\Debug\link.3720-cvtres.write.1.tlog
U:\stravos\Grafica\tema4\tema2\Debug\link.3884.read.1.tlog
U:\stravos\Grafica\tema4\tema2\Debug\link.3884.write.1.tlog
U:\stravos\Grafica\tema4\tema2\Debug\link.3884-cvtres.read.1.tlog
U:\stravos\Grafica\tema4\tema2\Debug\link.3884-cvtres.write.1.tlog
U:\stravos\Grafica\tema4\tema2\Debug\link.3944.read.1.tlog
U:\stravos\Grafica\tema4\tema2\Debug\link.3944.write.1.tlog
U:\stravos\Grafica\tema4\tema2\Debug\link.3944-cvtres.read.1.tlog
U:\stravos\Grafica\tema4\tema2\Debug\link.3944-cvtres.write.1.tlog
U:\stravos\Grafica\tema4\tema2\Debug\link.4000.read.1.tlog
U:\stravos\Grafica\tema4\tema2\Debug\link.4000.write.1.tlog
U:\stravos\Grafica\tema4\tema2\Debug\link.4000-cvtres.read.1.tlog
U:\stravos\Grafica\tema4\tema2\Debug\link.4000-cvtres.write.1.tlog
U:\stravos\Grafica\tema4\tema2\Debug\link.4252.read.1.tlog
U:\stravos\Grafica\tema4\tema2\Debug\link.4252.write.1.tlog
U:\stravos\Grafica\tema4\tema2\Debug\link.4252-cvtres.read.1.tlog
U:\stravos\Grafica\tema4\tema2\Debug\link.4252-cvtres.write.1.tlog
U:\stravos\Grafica\tema4\tema2\Debug\link.6088.read.1.tlog
U:\stravos\Grafica\tema4\tema2\Debug\link.6088.write.1.tlog
U:\stravos\Grafica\tema4\tema2\Debug\link.6088-cvtres.read.1.tlog
U:\stravos\Grafica\tema4\tema2\Debug\link.6088-cvtres.write.1.tlog
U:\stravos\Grafica\tema4\tema2\Debug\link.620.read.1.tlog
U:\stravos\Grafica\tema4\tema2\Debug\link.620.write.1.tlog
U:\stravos\Grafica\tema4\tema2\Debug\link.620-cvtres.read.1.tlog
U:\stravos\Grafica\tema4\tema2\Debug\link.620-cvtres.write.1.tlog
U:\stravos\Grafica\tema4\tema2\Debug\link.640.read.1.tlog
U:\stravos\Grafica\tema4\tema2\Debug\link.640.write.1.tlog
U:\stravos\Grafica\tema4\tema2\Debug\link.640-cvtres.read.1.tlog
U:\stravos\Grafica\tema4\tema2\Debug\link.640-cvtres.write.1.tlog
U:\stravos\Grafica\tema4\tema2\Debug\link.972.read.1.tlog
U:\stravos\Grafica\tema4\tema2\Debug\link.972.write.1.tlog
U:\stravos\Grafica\tema4\tema2\Debug\link.972-cvtres.read.1.tlog
U:\stravos\Grafica\tema4\tema2\Debug\link.972-cvtres.write.1.tlog
U:\stravos\Grafica\tema4\tema2\Debug\link.command.1.tlog
U:\stravos\Grafica\tema4\tema2\Debug\link.read.1.tlog
U:\stravos\Grafica\tema4\tema2\Debug\link.write.1.tlog
U:\stravos\Grafica\tema4\tema2\Debug\link-cvtres.read.1.tlog
U:\stravos\Grafica\tema4\tema2\Debug\link-cvtres.write.1.tlog
U:\stravos\Grafica\tema4\tema2\Debug\mt.command.1.tlog
U:\stravos\Grafica\tema4\tema2\Debug\mt.read.1.tlog
U:\stravos\Grafica\tema4\tema2\Debug\mt.write.1.tlog
U:\stravos\Grafica\tema4\tema2\Debug\rc.command.1.tlog
U:\stravos\Grafica\tema4\tema2\Debug\rc.read.1.tlog
U:\stravos\Grafica\tema4\tema2\Debug\rc.write.1.tlog
U:\stravos\Grafica\tema4\tema2\Debug\t02p1.obj
U:\stravos\Grafica\tema4\tema2\Debug\t3 RotariuStefan.obj
U:\STRAVOS\GRAFICA\TEMA4\TEMA2\DEBUG\T4 ROTARIUSTEFAN.OBJ
U:\STRAVOS\GRAFICA\TEMA4\TEMA2\DEBUG\TEMA2.EXE.EMBED.MANIFEST
U:\STRAVOS\GRAFICA\TEMA4\TEMA2\DEBUG\TEMA2.EXE.EMBED.MANIFEST.RES
U:\stravos\Grafica\tema4\tema2\Debug\tema2.exe.intermediate.manifest
U:\stravos\Grafica\tema4\tema2\Debug\tema2_manifest.rc
U:\stravos\Grafica\tema4\tema2\Debug\vc100.idb
U:\STRAVOS\GRAFICA\TEMA4\TEMA2\DEBUG\VC100.PDB
