Build started 3/2/2012 5:01:55 PM.
     1>Project "U:\stravos\Grafica\tema1\tema1\tema1.vcxproj" on node 2 (build target(s)).
     1>InitializeBuildStatus:
         Creating "Debug\tema1.unsuccessfulbuild" because "AlwaysCreate" was specified.
       ClCompile:
         C:\Program Files\Microsoft Visual Studio 10.0\VC\bin\CL.exe /c /ZI /nologo /W3 /WX- /Od /Oy- /D WIN32 /D _DEBUG /D _CONSOLE /D _UNICODE /D UNICODE /Gm /EHsc /RTC1 /MDd /GS /fp:precise /Zc:wchar_t /Zc:forScope /Fo"Debug\\" /Fd"Debug\vc100.pdb" /Gd /TP /analyze- /errorReport:prompt l01p1stud.cpp
         l01p1stud.cpp
       ManifestResourceCompile:
         C:\Program Files\Microsoft SDKs\Windows\v7.0A\bin\rc.exe /nologo /fo"Debug\tema1.exe.embed.manifest.res" Debug\tema1_manifest.rc 
       Link:
         C:\Program Files\Microsoft Visual Studio 10.0\VC\bin\link.exe /ERRORREPORT:PROMPT /OUT:"U:\stravos\Grafica\tema1\Debug\tema1.exe" /INCREMENTAL /NOLOGO kernel32.lib user32.lib gdi32.lib winspool.lib comdlg32.lib advapi32.lib shell32.lib ole32.lib oleaut32.lib uuid.lib odbc32.lib odbccp32.lib kernel32.lib user32.lib gdi32.lib winspool.lib comdlg32.lib advapi32.lib shell32.lib ole32.lib oleaut32.lib uuid.lib odbc32.lib odbccp32.lib /MANIFEST /ManifestFile:"Debug\tema1.exe.intermediate.manifest" /MANIFESTUAC:"level='asInvoker' uiAccess='false'" /DEBUG /PDB:"U:\stravos\Grafica\tema1\Debug\tema1.pdb" /SUBSYSTEM:CONSOLE /TLBID:1 /DYNAMICBASE /NXCOMPAT /IMPLIB:"U:\stravos\Grafica\tema1\Debug\tema1.lib" /MACHINE:X86 Debug\tema1.exe.embed.manifest.res
         Debug\l01p1stud.obj
       Manifest:
         Deleting file "Debug\tema1.exe.embed.manifest".
         C:\Program Files\Microsoft SDKs\Windows\v7.0A\bin\mt.exe /nologo /verbose /out:"Debug\tema1.exe.embed.manifest" /manifest Debug\tema1.exe.intermediate.manifest
         C:\Program Files\Microsoft SDKs\Windows\v7.0A\bin\rc.exe /nologo /fo"Debug\tema1.exe.embed.manifest.res" Debug\tema1_manifest.rc 
       LinkEmbedManifest:
         C:\Program Files\Microsoft Visual Studio 10.0\VC\bin\link.exe /ERRORREPORT:PROMPT /OUT:"U:\stravos\Grafica\tema1\Debug\tema1.exe" /INCREMENTAL /NOLOGO kernel32.lib user32.lib gdi32.lib winspool.lib comdlg32.lib advapi32.lib shell32.lib ole32.lib oleaut32.lib uuid.lib odbc32.lib odbccp32.lib kernel32.lib user32.lib gdi32.lib winspool.lib comdlg32.lib advapi32.lib shell32.lib ole32.lib oleaut32.lib uuid.lib odbc32.lib odbccp32.lib /MANIFEST /ManifestFile:"Debug\tema1.exe.intermediate.manifest" /MANIFESTUAC:"level='asInvoker' uiAccess='false'" /DEBUG /PDB:"U:\stravos\Grafica\tema1\Debug\tema1.pdb" /SUBSYSTEM:CONSOLE /TLBID:1 /DYNAMICBASE /NXCOMPAT /IMPLIB:"U:\stravos\Grafica\tema1\Debug\tema1.lib" /MACHINE:X86 Debug\tema1.exe.embed.manifest.res
         Debug\l01p1stud.obj
         tema1.vcxproj -> U:\stravos\Grafica\tema1\Debug\tema1.exe
       FinalizeBuildStatus:
         Deleting file "Debug\tema1.unsuccessfulbuild".
         Touching "Debug\tema1.lastbuildstate".
     1>Done Building Project "U:\stravos\Grafica\tema1\tema1\tema1.vcxproj" (build target(s)).

Build succeeded.

Time Elapsed 00:00:01.87
